<?xml version="1.0" encoding="UTF-8"?>
<testsuite name="com.telran.superscheduler.test.TestOpenApp" tests="1" skipped="0" failures="0" errors="0" timestamp="2019-08-19T17:32:01" hostname="Zateynik" time="0.0">
  <properties/>
  <testcase name="openApp" classname="com.telran.superscheduler.test.TestOpenApp" time="0.0"/>
  <system-out><![CDATA[20:32:01.694 [Test worker] INFO   - Start LogopenAppwith parametrs []
App opened
20:32:01.699 [Test worker] INFO   - Stop LogopenApp
20:32:01.699 [Test worker] INFO   - 

]]></system-out>
  <system-err><![CDATA[]]></system-err>
</testsuite>
