<?xml version="1.0" encoding="UTF-8"?>
<testsuite name="com.telran.tests.test.TestTeamCreation" tests="1" skipped="0" failures="0" errors="0" timestamp="2019-08-15T10:09:17" hostname="Zateynik" time="5.869">
  <properties/>
  <testcase name="teamCreationTest" classname="com.telran.tests.test.TestTeamCreation" time="5.869"/>
  <system-out><![CDATA[13:09:18.727 [Test worker] INFO  - Start search element By.cssSelector: nav.home-left-sidebar-container .js-react-root
13:09:18.750 [Test worker] INFO  - Element By.cssSelector: nav.home-left-sidebar-container .js-react-root found.
13:09:18.750 [Test worker] INFO  - Start search element By.xpath: .//li
13:09:18.774 [Test worker] INFO  - Element By.xpath: .//li found.
13:09:18.774 [Test worker] INFO  - Start search element By.xpath: //span[@class='icon-add icon-sm OiX3P2i2J92Xat']
13:09:18.801 [Test worker] INFO  - Element By.xpath: //span[@class='icon-add icon-sm OiX3P2i2J92Xat'] found.
13:09:18.860 [Test worker] INFO  - Start search element By.xpath: //input[@id='org-display-name']
13:09:18.885 [Test worker] INFO  - Element By.xpath: //input[@id='org-display-name'] found.
13:09:18.974 [Test worker] INFO  - Start search element By.xpath: //input[@id='org-display-name']
13:09:18.983 [Test worker] INFO  - Element By.xpath: //input[@id='org-display-name'] found.
13:09:19.005 [Test worker] INFO  - Start search element By.xpath: //input[@id='org-display-name']
13:09:19.015 [Test worker] INFO  - Element By.xpath: //input[@id='org-display-name'] found.
13:09:19.098 [Test worker] INFO  - Start search element By.xpath: //*[@name='desc']
13:09:19.111 [Test worker] INFO  - Element By.xpath: //*[@name='desc'] found.
13:09:19.160 [Test worker] INFO  - Start search element By.xpath: //*[@name='desc']
13:09:19.171 [Test worker] INFO  - Element By.xpath: //*[@name='desc'] found.
13:09:19.199 [Test worker] INFO  - Start search element By.xpath: //*[@name='desc']
13:09:19.211 [Test worker] INFO  - Element By.xpath: //*[@name='desc'] found.
13:09:19.260 [Test worker] INFO  - Start search element By.cssSelector: [value="Create"]
13:09:19.272 [Test worker] INFO  - Element By.cssSelector: [value="Create"] found.
13:09:20.315 [Test worker] INFO  - Start search element By.cssSelector: a [name=house]
13:09:20.328 [Test worker] INFO  - Element By.cssSelector: a [name=house] found.
13:09:21.481 [Test worker] INFO  - Start search element By.cssSelector: a [name=house]
13:09:21.491 [Test worker] INFO  - Element By.cssSelector: a [name=house] found.
13:09:23.538 [Test worker] INFO  - Start search element By.cssSelector: nav.home-left-sidebar-container .js-react-root
13:09:23.573 [Test worker] INFO  - Element By.cssSelector: nav.home-left-sidebar-container .js-react-root found.
13:09:23.573 [Test worker] INFO  - Start search element By.xpath: .//li
13:09:23.595 [Test worker] INFO  - Element By.xpath: .//li found.
Teams before creation: 2 
 Teams after creation: 3
]]></system-out>
  <system-err><![CDATA[]]></system-err>
</testsuite>
