<?xml version="1.0" encoding="UTF-8"?>
<testsuite name="com.telran.tests.test.TestCreateBoard" tests="1" skipped="0" failures="0" errors="0" timestamp="2019-08-15T10:09:02" hostname="Zateynik" time="5.975">
  <properties/>
  <testcase name="boardCreationTestFromHeader" classname="com.telran.tests.test.TestCreateBoard" time="5.975"/>
  <system-out><![CDATA[13:09:03.353 [Test worker] INFO  - Start search element By.xpath: //*[@class='icon-lg icon-member']/../../..//li
13:09:03.387 [Test worker] INFO  - Element By.xpath: //*[@class='icon-lg icon-member']/../../..//li found.
13:09:03.387 [Test worker] INFO  - Start search element By.cssSelector: [name=add]
13:09:03.404 [Test worker] INFO  - Element By.cssSelector: [name=add] found.
13:09:03.506 [Test worker] INFO  - Start search element By.xpath: //*[@data-test-id='header-create-board-button']
13:09:03.523 [Test worker] INFO  - Element By.xpath: //*[@data-test-id='header-create-board-button'] found.
13:09:03.610 [Test worker] INFO  - Start search element By.cssSelector: [data-test-id='header-create-board-title-input']
13:09:03.626 [Test worker] INFO  - Element By.cssSelector: [data-test-id='header-create-board-title-input'] found.
13:09:03.690 [Test worker] INFO  - Start search element By.cssSelector: [data-test-id='header-create-board-title-input']
13:09:03.699 [Test worker] INFO  - Element By.cssSelector: [data-test-id='header-create-board-title-input'] found.
13:09:03.722 [Test worker] INFO  - Start search element By.cssSelector: [data-test-id='header-create-board-title-input']
13:09:03.729 [Test worker] INFO  - Element By.cssSelector: [data-test-id='header-create-board-title-input'] found.
13:09:03.843 [Test worker] INFO  - Start search element By.cssSelector: button.W6rMLOx8U0MrPx
13:09:03.857 [Test worker] INFO  - Element By.cssSelector: button.W6rMLOx8U0MrPx found.
13:09:03.927 [Test worker] INFO  - Start search element By.xpath: //nav[@class='SdlcRrTVPA8Y3K']//li[1]
13:09:03.944 [Test worker] INFO  - Element By.xpath: //nav[@class='SdlcRrTVPA8Y3K']//li[1] found.
13:09:04.004 [Test worker] INFO  - Start search element By.cssSelector: [data-test-id='header-create-board-submit-button']
13:09:04.020 [Test worker] INFO  - Element By.cssSelector: [data-test-id='header-create-board-submit-button'] found.
13:09:06.085 [Test worker] INFO  - Start search element By.cssSelector: a [name=house]
13:09:06.103 [Test worker] INFO  - Element By.cssSelector: a [name=house] found.
13:09:07.166 [Test worker] INFO  - Start search element By.cssSelector: a [name=house]
13:09:07.192 [Test worker] INFO  - Element By.cssSelector: a [name=house] found.
13:09:08.257 [Test worker] INFO  - Start search element By.xpath: //*[@class='icon-lg icon-member']/../../..//li
13:09:08.328 [Test worker] INFO  - Element By.xpath: //*[@class='icon-lg icon-member']/../../..//li found.
Boards before creation: 3 
 Boards after creation: 4
]]></system-out>
  <system-err><![CDATA[]]></system-err>
</testsuite>
