<?xml version="1.0" encoding="UTF-8"?>
<testsuite name="com.telran.tests.test.TestChangeAvatar" tests="1" skipped="0" failures="0" errors="0" timestamp="2019-08-15T10:09:37" hostname="Zateynik" time="6.648">
  <properties/>
  <testcase name="changeAvatarTest" classname="com.telran.tests.test.TestChangeAvatar" time="6.648"/>
  <system-out><![CDATA[13:09:37.990 [Test worker] INFO  - Start search element By.cssSelector: [data-test-id="header-member-menu-button"]
13:09:38.012 [Test worker] INFO  - Element By.cssSelector: [data-test-id="header-member-menu-button"] found.
13:09:38.077 [Test worker] INFO  - Start search element By.cssSelector: [data-test-id='header-member-menu-profile']
13:09:38.093 [Test worker] INFO  - Element By.cssSelector: [data-test-id='header-member-menu-profile'] found.
13:09:40.170 [Test worker] INFO  - Start search element By.xpath: //div[@class='rsiNque2CCqtPE']
13:09:40.206 [Test worker] INFO  - Element By.xpath: //div[@class='rsiNque2CCqtPE'] found.
13:09:40.397 [Test worker] INFO  - Start search element By.xpath: //*[@name='file']
13:09:40.414 [Test worker] INFO  - Element By.xpath: //*[@name='file'] found.
13:09:43.454 [Test worker] INFO  - Start search element By.cssSelector: a [name=house]
13:09:43.478 [Test worker] INFO  - Element By.cssSelector: a [name=house] found.
13:09:44.571 [Test worker] INFO  - Start search element By.cssSelector: a [name=house]
13:09:44.585 [Test worker] INFO  - Element By.cssSelector: a [name=house] found.
]]></system-out>
  <system-err><![CDATA[]]></system-err>
</testsuite>
